OUTPUT FROM FERTILITY MODEL

AGREEMENT AND FERTILITY OUTCOMES BY GROUP

 NKIDS =   0
 SHARES                                               RATES                                      
 -------------------------------------------          -------------------------------------------
 f/m |         NA |          A |      TOTAL           f/m |         NA |          A |      TOTAL
 -------------------------------------------          -------------------------------------------
  NA |   56.36098 |    6.92296 |   63.28395            NA |   17.89177 |   17.89177 | 
   A |    5.55452 |   31.16153 |   36.71605             A |   17.89177 |   40.21395 | 
 -------------------------------------------          -------------------------------------------
 TOT |   61.91551 |   38.08449 |  100.00000           TOT |            |            |           


 NKIDS =   1
 SHARES                                               RATES                                      
 -------------------------------------------          -------------------------------------------
 f/m |         NA |          A |      TOTAL           f/m |         NA |          A |      TOTAL
 -------------------------------------------          -------------------------------------------
  NA |   66.05328 |    7.54886 |   73.60214            NA |   13.05865 |   13.05865 | 
   A |    4.29462 |   22.10324 |   26.39786             A |   23.60279 |   39.83989 | 
 -------------------------------------------          -------------------------------------------
 TOT |   70.34790 |   29.65210 |  100.00000           TOT |            |            |           


 NKIDS =   2
 SHARES                                               RATES                                      
 -------------------------------------------          -------------------------------------------
 f/m |         NA |          A |      TOTAL           f/m |         NA |          A |      TOTAL
 -------------------------------------------          -------------------------------------------
  NA |   90.25063 |    4.39296 |   94.64359            NA |    4.28344 |    4.28344 | 
   A |    2.30969 |    3.04673 |    5.35642             A |   12.20761 |   36.15216 | 
 -------------------------------------------          -------------------------------------------
 TOT |   92.56031 |    7.43969 |  100.00000           TOT |            |            |           


TOTAL FERTILITY RATE:               0.00000

AGE AT FIRST/LAST BIRTH                  :     0.000     0.000

FEMALE LABOR FORCE PARTICIPATION WITHOUT :    62.596     0.000     0.000     0.000
FEMALE LABOR FORCE PARTICIPATION AGE <= 3:    22.144     0.000     0.000     0.000

DISTRIBUTION OVER in:        n=0       n=1       n=2       n=3
                         0.00000   0.00000   0.00000   0.00000

 f = 0 / m = 0                                        f = 0 / m = 1                              
 -------------------------------------------          -------------------------------------------
 f/m |         NA |          A |      TOTAL           f/m |         NA |          A |      TOTAL
 -------------------------------------------          -------------------------------------------
  NA |      79.89 |       0.00 |      79.89            NA |       0.00 |      25.42 |      25.42
   A |       0.00 |       0.00 |       0.00             A |       0.00 |       0.00 |       0.00
 -------------------------------------------          -------------------------------------------
 f = 1 / m = 0                                        f = 1 / m = 1                              
 -------------------------------------------          -------------------------------------------
 f/m |         NA |          A |      TOTAL           f/m |         NA |          A |      TOTAL
 -------------------------------------------          -------------------------------------------
  NA |       0.00 |       0.00 |       0.00            NA |       0.00 |       0.00 |       0.00
   A |      22.63 |       0.00 |      22.63             A |       0.00 |      65.24 |      65.24
 -------------------------------------------          -------------------------------------------


