ESTIMATION RESULTS

AGREEMENT AND FERTILITY OUTCOMES BY GROUP

 NKIDS =   0
 SHARES HIGH SCHOOL                       SHARES COLLEGE                
 ------------------------------           ------------------------------
 f/m |         NA |          A            f/m |         NA |          A 
 ------------------------------           ------------------------------
  NA |   -0.69089 |   -1.41615            NA |    1.10486 |   -1.48565 | 
   A |   -0.81195 |    2.91900             A |   -1.52182 |    1.90261 | 
 ------------------------------           ------------------------------


 NKIDS =   1
 SHARES HIGH SCHOOL                       SHARES COLLEGE                
 ------------------------------           ------------------------------
 f/m |         NA |          A            f/m |         NA |          A 
 ------------------------------           ------------------------------
  NA |    2.31821 |   -0.29457            NA |    3.19549 |   -1.26022 | 
   A |   -1.15456 |   -0.86908             A |   -2.66446 |    0.72919 | 
 ------------------------------           ------------------------------


 NKIDS =   2
 SHARES HIGH SCHOOL                       SHARES COLLEGE                
 ------------------------------           ------------------------------
 f/m |         NA |          A            f/m |         NA |          A 
 ------------------------------           ------------------------------
  NA |   -4.63328 |    1.95725            NA |   -1.49770 |    1.14109 | 
   A |    1.08707 |    1.58895             A |   -0.06683 |    0.42344 | 
 ------------------------------           ------------------------------


 PERSISTENCE                   
 ------------------------------
 f/m |         NA |          A 
 ------------------------------
  NA |     -10.72 |       7.35
   A |       7.28 |     -12.61
 ------------------------------


FEMALE LABOR FORCE PARTICIPATION:    -0.161     0.026


 COUNTRY chi_m =  0.34201                 COUNTRY chi_m =  0.27987
 LFP_with      =   -0.121                 LFP_with      =   -0.057
 ------------------------------           ------------------------------
  in |     FBLOCK |     MBLOCK             in |     FBLOCK |     MBLOCK 
 ------------------------------           ------------------------------
   1 |    1.56659 |   -2.54871              1 |   -5.16590 |   -3.17070
   2 |   -2.34091 |    3.70553              2 |    2.37348 |   -2.89863
 ------------------------------           ------------------------------
