OUTPUT FROM FERTILITY MODEL

AGREEMENT AND FERTILITY OUTCOMES BY GROUP

 NKIDS =   0
 SHARES                                               RATES                                      
 -------------------------------------------          -------------------------------------------
 f/m |         NA |          A |      TOTAL           f/m |         NA |          A |      TOTAL
 -------------------------------------------          -------------------------------------------
  NA |   49.09407 |    7.03873 |   56.13280            NA |   17.02865 |   17.02865 | 
   A |    6.36660 |   37.50060 |   43.86720             A |   17.02865 |   43.77649 | 
 -------------------------------------------          -------------------------------------------
 TOT |   55.46067 |   44.53933 |  100.00000           TOT |            |            |           


 NKIDS =   1
 SHARES                                               RATES                                      
 -------------------------------------------          -------------------------------------------
 f/m |         NA |          A |      TOTAL           f/m |         NA |          A |      TOTAL
 -------------------------------------------          -------------------------------------------
  NA |   56.56252 |    9.91525 |   66.47777            NA |   11.42364 |   11.42364 | 
   A |    5.07529 |   28.44695 |   33.52223             A |   26.66842 |   42.47964 | 
 -------------------------------------------          -------------------------------------------
 TOT |   61.63780 |   38.36220 |  100.00000           TOT |            |            |           


 NKIDS =   2
 SHARES                                               RATES                                      
 -------------------------------------------          -------------------------------------------
 f/m |         NA |          A |      TOTAL           f/m |         NA |          A |      TOTAL
 -------------------------------------------          -------------------------------------------
  NA |   86.34161 |    5.77910 |   92.12070            NA |    2.47877 |    2.47877 | 
   A |    3.29463 |    4.58467 |    7.87930             A |    2.47877 |   30.90826 | 
 -------------------------------------------          -------------------------------------------
 TOT |   89.63624 |   10.36377 |  100.00000           TOT |            |            |           


TOTAL FERTILITY RATE:               0.00000

AGE AT FIRST/LAST BIRTH                  :     0.000     0.000

FEMALE LABOR FORCE PARTICIPATION WITHOUT :    80.496     0.000     0.000     0.000
FEMALE LABOR FORCE PARTICIPATION AGE <= 3:    43.167     0.000     0.000     0.000

DISTRIBUTION OVER in:        n=0       n=1       n=2       n=3
                         0.00000   0.00000   0.00000   0.00000

 f = 0 / m = 0                                        f = 0 / m = 1                              
 -------------------------------------------          -------------------------------------------
 f/m |         NA |          A |      TOTAL           f/m |         NA |          A |      TOTAL
 -------------------------------------------          -------------------------------------------
  NA |      79.89 |       0.00 |      79.89            NA |       0.00 |      25.42 |      25.42
   A |       0.00 |       0.00 |       0.00             A |       0.00 |       0.00 |       0.00
 -------------------------------------------          -------------------------------------------
 f = 1 / m = 0                                        f = 1 / m = 1                              
 -------------------------------------------          -------------------------------------------
 f/m |         NA |          A |      TOTAL           f/m |         NA |          A |      TOTAL
 -------------------------------------------          -------------------------------------------
  NA |       0.00 |       0.00 |       0.00            NA |       0.00 |       0.00 |       0.00
   A |      22.63 |       0.00 |      22.63             A |       0.00 |      65.24 |      65.24
 -------------------------------------------          -------------------------------------------


