OUTPUT FROM FERTILITY MODEL

AGREEMENT AND FERTILITY OUTCOMES BY GROUP

 NKIDS =   0
 SHARES                                               RATES                                      
 -------------------------------------------          -------------------------------------------
 f/m |         NA |          A |      TOTAL           f/m |         NA |          A |      TOTAL
 -------------------------------------------          -------------------------------------------
  NA |   54.51955 |    6.95230 |   61.47185            NA |   17.67305 |   17.67305 | 
   A |    5.76030 |   32.76785 |   38.52815             A |   17.67305 |   41.11670 | 
 -------------------------------------------          -------------------------------------------
 TOT |   60.27985 |   39.72015 |  100.00000           TOT |            |            |           


 NKIDS =   1
 SHARES                                               RATES                                      
 -------------------------------------------          -------------------------------------------
 f/m |         NA |          A |      TOTAL           f/m |         NA |          A |      TOTAL
 -------------------------------------------          -------------------------------------------
  NA |   63.64832 |    8.14851 |   71.79682            NA |   12.64434 |   12.64434 | 
   A |    4.49244 |   23.71073 |   28.20317             A |   24.37962 |   40.50880 | 
 -------------------------------------------          -------------------------------------------
 TOT |   68.14076 |   31.85924 |  100.00000           TOT |            |            |           


 NKIDS =   2
 SHARES                                               RATES                                      
 -------------------------------------------          -------------------------------------------
 f/m |         NA |          A |      TOTAL           f/m |         NA |          A |      TOTAL
 -------------------------------------------          -------------------------------------------
  NA |   89.26008 |    4.74421 |   94.00429            NA |    3.82614 |    3.82614 | 
   A |    2.55927 |    3.43644 |    5.99571             A |    9.74232 |   34.82336 | 
 -------------------------------------------          -------------------------------------------
 TOT |   91.81935 |    8.18065 |  100.00000           TOT |            |            |           


TOTAL FERTILITY RATE:               0.00000

AGE AT FIRST/LAST BIRTH                  :     0.000     0.000

FEMALE LABOR FORCE PARTICIPATION WITHOUT :    67.132     0.000     0.000     0.000
FEMALE LABOR FORCE PARTICIPATION AGE <= 3:    27.471     0.000     0.000     0.000

DISTRIBUTION OVER in:        n=0       n=1       n=2       n=3
                         0.00000   0.00000   0.00000   0.00000

 f = 0 / m = 0                                        f = 0 / m = 1                              
 -------------------------------------------          -------------------------------------------
 f/m |         NA |          A |      TOTAL           f/m |         NA |          A |      TOTAL
 -------------------------------------------          -------------------------------------------
  NA |      79.89 |       0.00 |      79.89            NA |       0.00 |      25.42 |      25.42
   A |       0.00 |       0.00 |       0.00             A |       0.00 |       0.00 |       0.00
 -------------------------------------------          -------------------------------------------
 f = 1 / m = 0                                        f = 1 / m = 1                              
 -------------------------------------------          -------------------------------------------
 f/m |         NA |          A |      TOTAL           f/m |         NA |          A |      TOTAL
 -------------------------------------------          -------------------------------------------
  NA |       0.00 |       0.00 |       0.00            NA |       0.00 |       0.00 |       0.00
   A |      22.63 |       0.00 |      22.63             A |       0.00 |      65.24 |      65.24
 -------------------------------------------          -------------------------------------------


