OUTPUT FROM FERTILITY MODEL

AGREEMENT AND FERTILITY OUTCOMES BY GROUP

 NKIDS =   0
 SHARES                                               RATES                                      
 -------------------------------------------          -------------------------------------------
 f/m |         NA |          A |      TOTAL           f/m |         NA |          A |      TOTAL
 -------------------------------------------          -------------------------------------------
  NA |   55.67009 |    5.50681 |   61.17690            NA |   17.89177 |   17.89177 | 
   A |    4.74257 |   34.08053 |   38.82310             A |   17.89177 |   40.21395 | 
 -------------------------------------------          -------------------------------------------
 TOT |   60.41266 |   39.58734 |  100.00000           TOT |            |            |           


 NKIDS =   1
 SHARES                                               RATES                                      
 -------------------------------------------          -------------------------------------------
 f/m |         NA |          A |      TOTAL           f/m |         NA |          A |      TOTAL
 -------------------------------------------          -------------------------------------------
  NA |   68.37148 |    7.25430 |   75.62578            NA |   13.05865 |   13.05865 | 
   A |    3.14006 |   21.23416 |   24.37422             A |   23.60279 |   39.83989 | 
 -------------------------------------------          -------------------------------------------
 TOT |   71.51155 |   28.48845 |  100.00000           TOT |            |            |           


 NKIDS =   2
 SHARES                                               RATES                                      
 -------------------------------------------          -------------------------------------------
 f/m |         NA |          A |      TOTAL           f/m |         NA |          A |      TOTAL
 -------------------------------------------          -------------------------------------------
  NA |   85.61735 |    6.35022 |   91.96756            NA |    4.28344 |    4.28344 | 
   A |    3.39676 |    4.63568 |    8.03244             A |   12.20761 |   36.15216 | 
 -------------------------------------------          -------------------------------------------
 TOT |   89.01410 |   10.98590 |  100.00000           TOT |            |            |           


TOTAL FERTILITY RATE:               1.54324

AGE AT FIRST/LAST BIRTH                  :    25.895    35.296

FEMALE LABOR FORCE PARTICIPATION WITHOUT :    62.596    62.596    62.596    62.596
FEMALE LABOR FORCE PARTICIPATION AGE <= 3:    21.983    22.150    21.910    20.676

DISTRIBUTION OVER in:        n=0       n=1       n=2       n=3
                         0.12529   0.40191   0.40995   0.06284

 f = 0 / m = 0                                        f = 0 / m = 1                              
 -------------------------------------------          -------------------------------------------
 f/m |         NA |          A |      TOTAL           f/m |         NA |          A |      TOTAL
 -------------------------------------------          -------------------------------------------
  NA |      70.23 |       4.03 |      74.26            NA |      39.71 |      32.78 |      72.49
   A |       3.35 |      22.39 |      25.74             A |       3.21 |      24.29 |      27.51
 -------------------------------------------          -------------------------------------------
 f = 1 / m = 0                                        f = 1 / m = 1                              
 -------------------------------------------          -------------------------------------------
 f/m |         NA |          A |      TOTAL           f/m |         NA |          A |      TOTAL
 -------------------------------------------          -------------------------------------------
  NA |      40.90 |       3.99 |      44.89            NA |      40.76 |       4.22 |      44.98
   A |      30.24 |      24.87 |      55.11             A |       3.38 |      51.64 |      55.02
 -------------------------------------------          -------------------------------------------


