OUTPUT FROM FERTILITY MODEL

AGREEMENT AND FERTILITY OUTCOMES BY GROUP

 NKIDS =   0
 SHARES                                               RATES                                      
 -------------------------------------------          -------------------------------------------
 f/m |         NA |          A |      TOTAL           f/m |         NA |          A |      TOTAL
 -------------------------------------------          -------------------------------------------
  NA |   50.19893 |    5.55308 |   55.75202            NA |   17.02865 |   17.02865 | 
   A |    4.84478 |   39.40320 |   44.24798             A |   17.02865 |   43.77649 | 
 -------------------------------------------          -------------------------------------------
 TOT |   55.04372 |   44.95628 |  100.00000           TOT |            |            |           


 NKIDS =   1
 SHARES                                               RATES                                      
 -------------------------------------------          -------------------------------------------
 f/m |         NA |          A |      TOTAL           f/m |         NA |          A |      TOTAL
 -------------------------------------------          -------------------------------------------
  NA |   59.75801 |    8.65504 |   68.41304            NA |   11.42364 |   11.42364 | 
   A |    2.41083 |   29.17613 |   31.58696             A |   26.66842 |   42.47964 | 
 -------------------------------------------          -------------------------------------------
 TOT |   62.16883 |   37.83117 |  100.00000           TOT |            |            |           


 NKIDS =   2
 SHARES                                               RATES                                      
 -------------------------------------------          -------------------------------------------
 f/m |         NA |          A |      TOTAL           f/m |         NA |          A |      TOTAL
 -------------------------------------------          -------------------------------------------
  NA |   84.84391 |    6.92019 |   91.76409            NA |    2.47877 |    2.47877 | 
   A |    3.22779 |    5.00811 |    8.23591             A |    2.47877 |   30.90826 | 
 -------------------------------------------          -------------------------------------------
 TOT |   88.07170 |   11.92830 |  100.00000           TOT |            |            |           


TOTAL FERTILITY RATE:               1.59586

AGE AT FIRST/LAST BIRTH                  :    25.549    35.401

FEMALE LABOR FORCE PARTICIPATION WITHOUT :    80.496    80.496    80.496    80.496
FEMALE LABOR FORCE PARTICIPATION AGE <= 3:    43.193    43.381    43.126    41.086

DISTRIBUTION OVER in:        n=0       n=1       n=2       n=3
                         0.10170   0.37551   0.47630   0.04649

 f = 0 / m = 0                                        f = 0 / m = 1                              
 -------------------------------------------          -------------------------------------------
 f/m |         NA |          A |      TOTAL           f/m |         NA |          A |      TOTAL
 -------------------------------------------          -------------------------------------------
  NA |      66.05 |       4.29 |      70.33            NA |      35.40 |      32.74 |      68.13
   A |       3.46 |      26.21 |      29.67             A |       3.23 |      28.64 |      31.87
 -------------------------------------------          -------------------------------------------
 f = 1 / m = 0                                        f = 1 / m = 1                              
 -------------------------------------------          -------------------------------------------
 f/m |         NA |          A |      TOTAL           f/m |         NA |          A |      TOTAL
 -------------------------------------------          -------------------------------------------
  NA |      36.72 |       4.13 |      40.85            NA |      36.92 |       4.21 |      41.13
   A |      28.94 |      30.21 |      59.15             A |       3.35 |      55.52 |      58.87
 -------------------------------------------          -------------------------------------------


