OUTPUT FROM FERTILITY MODEL

AGREEMENT AND FERTILITY OUTCOMES BY GROUP

 NKIDS =   0
 SHARES                                               RATES                                      
 -------------------------------------------          -------------------------------------------
 f/m |         NA |          A |      TOTAL           f/m |         NA |          A |      TOTAL
 -------------------------------------------          -------------------------------------------
  NA |   54.28370 |    5.51853 |   59.80223            NA |   17.67305 |   17.67305 | 
   A |    4.76847 |   35.42929 |   40.19777             A |   17.67305 |   41.11670 | 
 -------------------------------------------          -------------------------------------------
 TOT |   59.05217 |   40.94783 |  100.00000           TOT |            |            |           


 NKIDS =   1
 SHARES                                               RATES                                      
 -------------------------------------------          -------------------------------------------
 f/m |         NA |          A |      TOTAL           f/m |         NA |          A |      TOTAL
 -------------------------------------------          -------------------------------------------
  NA |   66.18883 |    7.60924 |   73.79807            NA |   12.64434 |   12.64434 | 
   A |    2.95527 |   23.24665 |   26.20193             A |   24.37962 |   40.50880 | 
 -------------------------------------------          -------------------------------------------
 TOT |   69.14410 |   30.85590 |  100.00000           TOT |            |            |           


 NKIDS =   2
 SHARES                                               RATES                                      
 -------------------------------------------          -------------------------------------------
 f/m |         NA |          A |      TOTAL           f/m |         NA |          A |      TOTAL
 -------------------------------------------          -------------------------------------------
  NA |   85.42136 |    6.49465 |   91.91600            NA |    3.82614 |    3.82614 | 
   A |    3.35394 |    4.73006 |    8.08400             A |    9.74232 |   34.82336 | 
 -------------------------------------------          -------------------------------------------
 TOT |   88.77530 |   11.22470 |  100.00000           TOT |            |            |           


TOTAL FERTILITY RATE:               1.55658

AGE AT FIRST/LAST BIRTH                  :    25.807    35.323

FEMALE LABOR FORCE PARTICIPATION WITHOUT :    67.132     0.000     0.000     0.000
FEMALE LABOR FORCE PARTICIPATION AGE <= 3:    27.358    27.530    27.286    25.848

DISTRIBUTION OVER in:        n=0       n=1       n=2       n=3
                         0.11931   0.39522   0.42677   0.05870

 f = 0 / m = 0                                        f = 0 / m = 1                              
 -------------------------------------------          -------------------------------------------
 f/m |         NA |          A |      TOTAL           f/m |         NA |          A |      TOTAL
 -------------------------------------------          -------------------------------------------
  NA |      69.17 |       4.10 |      73.27            NA |      38.62 |      32.77 |      71.39
   A |       3.38 |      23.35 |      26.73             A |       3.22 |      25.40 |      28.61
 -------------------------------------------          -------------------------------------------
 f = 1 / m = 0                                        f = 1 / m = 1                              
 -------------------------------------------          -------------------------------------------
 f/m |         NA |          A |      TOTAL           f/m |         NA |          A |      TOTAL
 -------------------------------------------          -------------------------------------------
  NA |      39.84 |       4.02 |      43.87            NA |      39.79 |       4.22 |      44.00
   A |      29.91 |      26.22 |      56.13             A |       3.37 |      52.63 |      56.00
 -------------------------------------------          -------------------------------------------


